<?xml version="1.0" encoding="UTF-8"?>
<testng-results ignored="0" total="2" passed="2" failed="0" skipped="0">
  <reporter-output>
  </reporter-output>
  <suite started-at="2023-04-10T22:49:43 IST" name="Default suite" finished-at="2023-04-10T22:51:14 IST" duration-ms="91163">
    <groups>
    </groups>
    <test started-at="2023-04-10T22:49:43 IST" name="Default test" finished-at="2023-04-10T22:51:14 IST" duration-ms="91163">
      <class name="com.validations.E2EActionsOnConfiguration">
        <test-method is-config="true" signature="logIn()[pri:0, instance:com.validations.E2EActionsOnConfiguration@54c5a2ff]" started-at="2023-04-10T22:49:43 IST" name="logIn" finished-at="2023-04-10T22:50:47 IST" duration-ms="63834" status="PASS">
          <reporter-output>
          </reporter-output>
        </test-method> <!-- logIn -->
        <test-method signature="searchPIMModule()[pri:0, instance:com.validations.E2EActionsOnConfiguration@54c5a2ff]" started-at="2023-04-10T22:50:47 IST" name="searchPIMModule" finished-at="2023-04-10T22:50:50 IST" duration-ms="2455" status="PASS">
          <reporter-output>
          </reporter-output>
        </test-method> <!-- searchPIMModule -->
        <test-method signature="actionOnConfiguration()[pri:1, instance:com.validations.E2EActionsOnConfiguration@54c5a2ff]" started-at="2023-04-10T22:50:50 IST" name="actionOnConfiguration" finished-at="2023-04-10T22:51:11 IST" duration-ms="21311" status="PASS">
          <reporter-output>
          </reporter-output>
        </test-method> <!-- actionOnConfiguration -->
        <test-method is-config="true" signature="logOut()[pri:0, instance:com.validations.E2EActionsOnConfiguration@54c5a2ff]" started-at="2023-04-10T22:51:11 IST" name="logOut" finished-at="2023-04-10T22:51:14 IST" duration-ms="2598" status="PASS">
          <reporter-output>
          </reporter-output>
        </test-method> <!-- logOut -->
      </class> <!-- com.validations.E2EActionsOnConfiguration -->
    </test> <!-- Default test -->
  </suite> <!-- Default suite -->
</testng-results>
