<?xml version="1.0" encoding="UTF-8"?>
<!-- Generated by org.testng.reporters.JUnitXMLReporter -->
<testsuite ignored="0" hostname="DESKTOP-VCRLJ5I" failures="0" tests="2" name="Default test" time="91.163" errors="0" timestamp="2023-04-10T22:51:14 IST">
  <testcase classname="com.validations.E2EActionsOnConfiguration" name="searchPIMModule" time="2.455"/>
  <testcase classname="com.validations.E2EActionsOnConfiguration" name="actionOnConfiguration" time="21.311"/>
</testsuite> <!-- Default test -->
